

Started GET "/" for 127.0.0.1 at 2016-10-08 16:28:08 +0530
Processing by Rails::WelcomeController#index as HTML
  Rendered /home/ishwaraju/.gem/ruby/2.3.0/gems/railties-4.2.5/lib/rails/templates/rails/welcome/index.html.erb (5.0ms)
Completed 200 OK in 66ms (Views: 40.9ms | ActiveRecord: 0.0ms)


Started GET "/" for 127.0.0.1 at 2016-10-08 16:31:12 +0530
Processing by ApplicationController#new as HTML
Completed 500 Internal Server Error in 18ms (ActiveRecord: 0.0ms)

NoMethodError (undefined method `html' for #<ApplicationController:0x0055dfbf412ea0>):
  app/controllers/application_controller.rb:6:in `new'


  Rendered /home/ishwaraju/.gem/ruby/2.3.0/gems/actionpack-4.2.5/lib/action_dispatch/middleware/templates/rescues/_source.erb (8.8ms)
  Rendered /home/ishwaraju/.gem/ruby/2.3.0/gems/actionpack-4.2.5/lib/action_dispatch/middleware/templates/rescues/_trace.html.erb (2.2ms)
  Rendered /home/ishwaraju/.gem/ruby/2.3.0/gems/actionpack-4.2.5/lib/action_dispatch/middleware/templates/rescues/_request_and_response.html.erb (1.2ms)
  Rendered /home/ishwaraju/.gem/ruby/2.3.0/gems/actionpack-4.2.5/lib/action_dispatch/middleware/templates/rescues/diagnostics.html.erb within rescues/layout (30.8ms)
  Rendered /home/ishwaraju/.gem/ruby/2.3.0/gems/web-console-2.3.0/lib/web_console/templates/_markup.html.erb (0.4ms)
  Rendered /home/ishwaraju/.gem/ruby/2.3.0/gems/web-console-2.3.0/lib/web_console/templates/_inner_console_markup.html.erb within layouts/inlined_string (0.3ms)
  Rendered /home/ishwaraju/.gem/ruby/2.3.0/gems/web-console-2.3.0/lib/web_console/templates/_prompt_box_markup.html.erb within layouts/inlined_string (0.2ms)
  Rendered /home/ishwaraju/.gem/ruby/2.3.0/gems/web-console-2.3.0/lib/web_console/templates/style.css.erb within layouts/inlined_string (0.5ms)
  Rendered /home/ishwaraju/.gem/ruby/2.3.0/gems/web-console-2.3.0/lib/web_console/templates/console.js.erb within layouts/javascript (57.3ms)
  Rendered /home/ishwaraju/.gem/ruby/2.3.0/gems/web-console-2.3.0/lib/web_console/templates/main.js.erb within layouts/javascript (0.3ms)
  Rendered /home/ishwaraju/.gem/ruby/2.3.0/gems/web-console-2.3.0/lib/web_console/templates/error_page.js.erb within layouts/javascript (0.8ms)
  Rendered /home/ishwaraju/.gem/ruby/2.3.0/gems/web-console-2.3.0/lib/web_console/templates/index.html.erb (87.9ms)


Started GET "/" for 127.0.0.1 at 2016-10-08 16:32:02 +0530
Processing by ApplicationController#new as HTML
  Rendered html template (0.0ms)
Completed 200 OK in 27ms (Views: 26.7ms | ActiveRecord: 0.0ms)


Started GET "/" for 127.0.0.1 at 2016-10-08 19:15:46 +0530
Processing by ApplicationController#new as HTML
  Rendered html template (0.0ms)
Completed 200 OK in 51ms (Views: 24.2ms | ActiveRecord: 0.0ms)
